<?xml version="1.0" encoding="UTF-8"?>
<!-- Generated by org.testng.reporters.JUnitXMLReporter -->
<testsuite ignored="0" hostname="DESKTOP-MQN1PC7" failures="0" tests="7" name="Grouping2Test" time="0.231" errors="0" timestamp="2022-11-29T16:11:01 IST">
  <testcase classname="testngGrouping.Group2" name="test11" time="0.03"/>
  <testcase classname="testngGrouping.Group2" name="test12" time="0.005"/>
  <testcase classname="testngGrouping.Group2" name="test13" time="0.004"/>
  <testcase classname="testngGrouping.Group2" name="test14" time="0.01"/>
  <testcase classname="testngGrouping.Group2" name="test15" time="0.008"/>
  <testcase classname="testngGrouping.Group2" name="test16" time="0.009"/>
  <testcase classname="testngGrouping.Group2" name="test17" time="0.005"/>
</testsuite> <!-- Grouping2Test -->
