<?xml version="1.0" encoding="UTF-8"?>
<!-- Generated by org.testng.reporters.JUnitXMLReporter -->
<testsuite ignored="0" hostname="DESKTOP-MQN1PC7" failures="0" tests="7" name="MetaGroupingTest" time="0.28" errors="0" timestamp="2022-11-29T16:42:46 IST">
  <testcase classname="testngGrouping.Group1" name="test1" time="0.035"/>
  <testcase classname="testngGrouping.Group1" name="test2" time="0.006"/>
  <testcase classname="testngGrouping.Group1" name="test3" time="0.008"/>
  <testcase classname="testngGrouping.Group1" name="test4" time="0.01"/>
  <testcase classname="testngGrouping.Group1" name="test5" time="0.011"/>
  <testcase classname="testngGrouping.Group1" name="test6" time="0.011"/>
  <testcase classname="testngGrouping.Group1" name="test7" time="0.006"/>
</testsuite> <!-- MetaGroupingTest -->
