<?xml version="1.0" encoding="UTF-8"?>
<!-- Generated by org.testng.reporters.JUnitXMLReporter -->
<testsuite ignored="4" hostname="DESKTOP-MQN1PC7" failures="0" tests="3" name="Grouping1Test" time="0.172" errors="0" timestamp="2022-11-29T16:08:15 IST">
  <testcase classname="testngGrouping.Group1" name="test2" time="0.03"/>
  <testcase classname="testngGrouping.Group1" name="test4" time="0.004"/>
  <testcase classname="testngGrouping.Group1" name="test7" time="0.008"/>
  <testcase classname="testngGrouping.Group1" name="test1" time="0.0">
    <ignored/>
  </testcase> <!-- test1 -->
  <testcase classname="testngGrouping.Group1" name="test3" time="0.0">
    <ignored/>
  </testcase> <!-- test3 -->
  <testcase classname="testngGrouping.Group1" name="test5" time="0.0">
    <ignored/>
  </testcase> <!-- test5 -->
  <testcase classname="testngGrouping.Group1" name="test6" time="0.0">
    <ignored/>
  </testcase> <!-- test6 -->
</testsuite> <!-- Grouping1Test -->
