<?xml version="1.0" encoding="UTF-8"?>
<testng-results ignored="0" total="2" passed="2" failed="0" skipped="0">
  <reporter-output>
  </reporter-output>
  <suite started-at="2023-05-14T15:05:13 IST" name="Default suite" finished-at="2023-05-14T15:05:34 IST" duration-ms="20577">
    <groups>
    </groups>
    <test started-at="2023-05-14T15:05:13 IST" name="Default test" finished-at="2023-05-14T15:05:34 IST" duration-ms="20577">
      <class name="com.sd.login.ParallelTest1">
        <test-method signature="verifyLogo()[pri:0, instance:com.sd.login.ParallelTest1@498d318c]" started-at="2023-05-14T15:05:13 IST" name="verifyLogo" finished-at="2023-05-14T15:05:27 IST" duration-ms="13857" status="PASS">
          <reporter-output>
          </reporter-output>
        </test-method> <!-- verifyLogo -->
        <test-method signature="verifyTitle()[pri:0, instance:com.sd.login.ParallelTest1@498d318c]" started-at="2023-05-14T15:05:27 IST" name="verifyTitle" finished-at="2023-05-14T15:05:34 IST" duration-ms="6581" status="PASS">
          <reporter-output>
          </reporter-output>
        </test-method> <!-- verifyTitle -->
      </class> <!-- com.sd.login.ParallelTest1 -->
    </test> <!-- Default test -->
  </suite> <!-- Default suite -->
</testng-results>
