<?xml version="1.0" encoding="UTF-8"?>
<!-- Generated by org.testng.reporters.JUnitXMLReporter -->
<testsuite ignored="0" hostname="DESKTOP-MQN1PC7" failures="0" tests="19" name="Grouping3Test" time="0.324" errors="0" timestamp="2022-11-29T16:13:46 IST">
  <testcase classname="testngGrouping.Group1" name="test3" time="0.044"/>
  <testcase classname="testngGrouping.Group1" name="test5" time="0.042"/>
  <testcase classname="testngGrouping.Group1" name="test2" time="0.044"/>
  <testcase classname="testngGrouping.Group1" name="test1" time="0.051"/>
  <testcase classname="testngGrouping.Group1" name="test4" time="0.052"/>
  <testcase classname="testngGrouping.Group1" name="test6" time="0.006"/>
  <testcase classname="testngGrouping.Group2" name="test13" time="0.007"/>
  <testcase classname="testngGrouping.Group2" name="test14" time="0.005"/>
  <testcase classname="testngGrouping.Group2" name="test12" time="0.031"/>
  <testcase classname="testngGrouping.Group2" name="test11" time="0.042"/>
  <testcase classname="testngGrouping.Group1" name="test7" time="0.069"/>
  <testcase classname="testngGrouping.Group2" name="test17" time="0.016"/>
  <testcase classname="testngGrouping.TestNGRegularExpression" name="w11" time="0.004"/>
  <testcase classname="testngGrouping.TestNGRegularExpression" name="w13" time="0.007"/>
  <testcase classname="testngGrouping.TestNGRegularExpression" name="w12" time="0.018"/>
  <testcase classname="testngGrouping.TestNGRegularExpression" name="w14" time="0.018"/>
  <testcase classname="testngGrouping.TestNGRegularExpression" name="w15" time="0.006"/>
  <testcase classname="testngGrouping.Group2" name="test16" time="0.089"/>
  <testcase classname="testngGrouping.Group2" name="test15" time="0.106"/>
</testsuite> <!-- Grouping3Test -->
