<?xml version="1.0" encoding="UTF-8"?>
<!-- Generated by org.testng.reporters.JUnitXMLReporter -->
<testsuite ignored="0" hostname="DESKTOP-MQN1PC7" failures="1" tests="9" name="TestSuite1Test" time="0.243" errors="0" timestamp="2022-11-27T14:44:57 IST">
  <testcase classname="annotations.TestSuite1" name="t1" time="0.029"/>
  <testcase classname="annotations.TestSuite1" name="t2" time="0.005"/>
  <testcase classname="annotations.TestSuite1" name="t3" time="0.007"/>
  <testcase classname="annotations.TestSuite1" name="t4" time="0.006"/>
  <testcase classname="annotations.TestSuite1" name="t5" time="0.015">
    <failure type="java.lang.AssertionError" message="null">
      <![CDATA[java.lang.AssertionError: null
at annotations.TestSuite1.t5(TestSuite1.java:29)
at java.base/java.util.concurrent.ThreadPoolExecutor.runWorker(ThreadPoolExecutor.java:1136)
at java.base/java.util.concurrent.ThreadPoolExecutor$Worker.run(ThreadPoolExecutor.java:635)
at java.base/java.lang.Thread.run(Thread.java:833)
... Removed 12 stack frames]]>
    </failure>
  </testcase> <!-- t5 -->
  <testcase classname="annotations.TestSuite1" name="t6" time="0.006"/>
  <testcase classname="annotations.TestSuite1" name="t7" time="0.005"/>
  <testcase classname="annotations.TestSuite1" name="t8" time="0.004"/>
  <testcase classname="annotations.TestSuite1" name="t9" time="0.005"/>
</testsuite> <!-- TestSuite1Test -->
